12/14/2021 01:08:03 AM 127.0.0.1 - - [14/Dec/2021 01:08:03] "GET / HTTP/1.1" 200 -
12/14/2021 01:08:03 AM 127.0.0.1 - - [14/Dec/2021 01:08:03] "[36mGET /static/images/favicon.ico HTTP/1.1[0m" 304 -
12/14/2021 01:08:03 AM 127.0.0.1 - - [14/Dec/2021 01:08:03] "[36mGET /static/images/favicon.ico HTTP/1.1[0m" 304 -
12/14/2021 01:08:39 AM 127.0.0.1 - - [14/Dec/2021 01:08:39] "GET /index HTTP/1.1" 200 -
12/14/2021 01:08:39 AM 127.0.0.1 - - [14/Dec/2021 01:08:39] "[36mGET /static/images/favicon.ico HTTP/1.1[0m" 304 -
12/14/2021 01:09:03 AM 127.0.0.1 - - [14/Dec/2021 01:09:03] "GET /index HTTP/1.1" 200 -
12/14/2021 01:09:03 AM 127.0.0.1 - - [14/Dec/2021 01:09:03] "[36mGET /static/images/favicon.ico HTTP/1.1[0m" 304 -
12/14/2021 01:09:39 AM 127.0.0.1 - - [14/Dec/2021 01:09:39] "GET /index HTTP/1.1" 200 -
12/14/2021 01:09:40 AM 127.0.0.1 - - [14/Dec/2021 01:09:40] "[36mGET /static/images/favicon.ico HTTP/1.1[0m" 304 -
12/14/2021 01:09:47 AM  * Detected change in '/Users/arseniikhmara/Documents/ECM1400 programming/FlaskCoursework/FlaskCovid/main.py', reloading
12/14/2021 01:10:05 AM Exception on /index [GET]
Traceback (most recent call last):
  File "/Library/Frameworks/Python.framework/Versions/3.8/lib/python3.8/site-packages/flask/app.py", line 2073, in wsgi_app
    response = self.full_dispatch_request()
  File "/Library/Frameworks/Python.framework/Versions/3.8/lib/python3.8/site-packages/flask/app.py", line 1518, in full_dispatch_request
    rv = self.handle_user_exception(e)
  File "/Library/Frameworks/Python.framework/Versions/3.8/lib/python3.8/site-packages/flask/app.py", line 1516, in full_dispatch_request
    rv = self.dispatch_request()
  File "/Library/Frameworks/Python.framework/Versions/3.8/lib/python3.8/site-packages/flask/app.py", line 1502, in dispatch_request
    return self.ensure_sync(self.view_functions[rule.endpoint])(**req.view_args)
  File "/Users/arseniikhmara/Documents/ECM1400 programming/FlaskCoursework/FlaskCovid/main.py", line 94, in index
    render_information = get_data_json()
  File "/Users/arseniikhmara/Documents/ECM1400 programming/FlaskCoursework/FlaskCovid/main.py", line 114, in get_data_json
    json['title'] = most_recent_update['title']
UnboundLocalError: local variable 'most_recent_update' referenced before assignment
12/14/2021 01:10:05 AM 127.0.0.1 - - [14/Dec/2021 01:10:05] "[35m[1mGET /index HTTP/1.1[0m" 500 -
12/14/2021 01:10:06 AM 127.0.0.1 - - [14/Dec/2021 01:10:06] "GET / HTTP/1.1" 200 -
12/14/2021 01:10:07 AM 127.0.0.1 - - [14/Dec/2021 01:10:07] "[36mGET /static/images/favicon.ico HTTP/1.1[0m" 304 -
12/14/2021 01:10:16 AM 127.0.0.1 - - [14/Dec/2021 01:10:16] "GET / HTTP/1.1" 200 -
12/14/2021 01:10:16 AM 127.0.0.1 - - [14/Dec/2021 01:10:16] "[36mGET /static/images/favicon.ico HTTP/1.1[0m" 304 -
12/14/2021 01:10:40 AM 127.0.0.1 - - [14/Dec/2021 01:10:40] "GET /index HTTP/1.1" 200 -
12/14/2021 01:10:41 AM 127.0.0.1 - - [14/Dec/2021 01:10:41] "[36mGET /static/images/favicon.ico HTTP/1.1[0m" 304 -
12/14/2021 01:11:41 AM 127.0.0.1 - - [14/Dec/2021 01:11:41] "GET /index HTTP/1.1" 200 -
12/14/2021 01:11:41 AM 127.0.0.1 - - [14/Dec/2021 01:11:41] "[36mGET /static/images/favicon.ico HTTP/1.1[0m" 304 -
12/14/2021 01:12:41 AM 127.0.0.1 - - [14/Dec/2021 01:12:41] "GET /index HTTP/1.1" 200 -
12/14/2021 01:12:41 AM 127.0.0.1 - - [14/Dec/2021 01:12:41] "[36mGET /static/images/favicon.ico HTTP/1.1[0m" 304 -
12/14/2021 01:13:41 AM 127.0.0.1 - - [14/Dec/2021 01:13:41] "GET /index HTTP/1.1" 200 -
12/14/2021 01:13:41 AM 127.0.0.1 - - [14/Dec/2021 01:13:41] "[36mGET /static/images/favicon.ico HTTP/1.1[0m" 304 -
12/14/2021 01:14:41 AM 127.0.0.1 - - [14/Dec/2021 01:14:41] "GET /index HTTP/1.1" 200 -
12/14/2021 01:14:42 AM 127.0.0.1 - - [14/Dec/2021 01:14:42] "[36mGET /static/images/favicon.ico HTTP/1.1[0m" 304 -
12/14/2021 01:15:42 AM 127.0.0.1 - - [14/Dec/2021 01:15:42] "GET /index HTTP/1.1" 200 -
12/14/2021 01:15:42 AM 127.0.0.1 - - [14/Dec/2021 01:15:42] "[36mGET /static/images/favicon.ico HTTP/1.1[0m" 304 -
12/14/2021 01:16:42 AM 127.0.0.1 - - [14/Dec/2021 01:16:42] "GET /index HTTP/1.1" 200 -
12/14/2021 01:16:42 AM 127.0.0.1 - - [14/Dec/2021 01:16:42] "[36mGET /static/images/favicon.ico HTTP/1.1[0m" 304 -
12/14/2021 01:17:12 AM sosisisisis
12/14/2021 01:17:21 AM sosisisisis
12/14/2021 01:17:42 AM 127.0.0.1 - - [14/Dec/2021 01:17:42] "GET /index HTTP/1.1" 200 -
12/14/2021 01:17:42 AM 127.0.0.1 - - [14/Dec/2021 01:17:42] "[36mGET /static/images/favicon.ico HTTP/1.1[0m" 304 -
12/14/2021 01:18:42 AM 127.0.0.1 - - [14/Dec/2021 01:18:42] "GET /index HTTP/1.1" 200 -
12/14/2021 01:18:43 AM 127.0.0.1 - - [14/Dec/2021 01:18:43] "[36mGET /static/images/favicon.ico HTTP/1.1[0m" 304 -
12/14/2021 01:19:43 AM 127.0.0.1 - - [14/Dec/2021 01:19:43] "GET /index HTTP/1.1" 200 -
12/14/2021 01:19:43 AM 127.0.0.1 - - [14/Dec/2021 01:19:43] "[36mGET /static/images/favicon.ico HTTP/1.1[0m" 304 -
12/14/2021 01:20:43 AM 127.0.0.1 - - [14/Dec/2021 01:20:43] "GET /index HTTP/1.1" 200 -
12/14/2021 01:20:43 AM 127.0.0.1 - - [14/Dec/2021 01:20:43] "[36mGET /static/images/favicon.ico HTTP/1.1[0m" 304 -
12/14/2021 01:21:43 AM 127.0.0.1 - - [14/Dec/2021 01:21:43] "GET /index HTTP/1.1" 200 -
12/14/2021 01:21:43 AM 127.0.0.1 - - [14/Dec/2021 01:21:43] "[36mGET /static/images/favicon.ico HTTP/1.1[0m" 304 -
12/14/2021 01:22:43 AM 127.0.0.1 - - [14/Dec/2021 01:22:43] "GET /index HTTP/1.1" 200 -
12/14/2021 01:22:44 AM 127.0.0.1 - - [14/Dec/2021 01:22:44] "[36mGET /static/images/favicon.ico HTTP/1.1[0m" 304 -
12/14/2021 01:23:13 AM 127.0.0.1 - - [14/Dec/2021 01:23:13] "GET / HTTP/1.1" 200 -
12/14/2021 01:23:13 AM 127.0.0.1 - - [14/Dec/2021 01:23:13] "[36mGET /static/images/favicon.ico HTTP/1.1[0m" 304 -
12/14/2021 01:23:45 AM 127.0.0.1 - - [14/Dec/2021 01:23:45] "GET /index HTTP/1.1" 200 -
12/14/2021 01:23:45 AM 127.0.0.1 - - [14/Dec/2021 01:23:45] "[36mGET /static/images/favicon.ico HTTP/1.1[0m" 304 -
12/14/2021 01:24:14 AM 127.0.0.1 - - [14/Dec/2021 01:24:14] "GET /index HTTP/1.1" 200 -
12/14/2021 01:24:14 AM 127.0.0.1 - - [14/Dec/2021 01:24:14] "[36mGET /static/images/favicon.ico HTTP/1.1[0m" 304 -
12/14/2021 01:24:45 AM 127.0.0.1 - - [14/Dec/2021 01:24:45] "GET /index HTTP/1.1" 200 -
12/14/2021 01:24:45 AM 127.0.0.1 - - [14/Dec/2021 01:24:45] "[36mGET /static/images/favicon.ico HTTP/1.1[0m" 304 -
12/14/2021 01:25:14 AM 127.0.0.1 - - [14/Dec/2021 01:25:14] "GET /index HTTP/1.1" 200 -
12/14/2021 01:25:14 AM 127.0.0.1 - - [14/Dec/2021 01:25:14] "[36mGET /static/images/favicon.ico HTTP/1.1[0m" 304 -
12/14/2021 01:25:45 AM 127.0.0.1 - - [14/Dec/2021 01:25:45] "GET /index HTTP/1.1" 200 -
12/14/2021 01:25:45 AM 127.0.0.1 - - [14/Dec/2021 01:25:45] "[36mGET /static/images/favicon.ico HTTP/1.1[0m" 304 -
12/14/2021 01:26:14 AM Exception on / [GET]
Traceback (most recent call last):
  File "/Library/Frameworks/Python.framework/Versions/3.8/lib/python3.8/site-packages/flask/app.py", line 2073, in wsgi_app
    response = self.full_dispatch_request()
  File "/Library/Frameworks/Python.framework/Versions/3.8/lib/python3.8/site-packages/flask/app.py", line 1518, in full_dispatch_request
    rv = self.handle_user_exception(e)
  File "/Library/Frameworks/Python.framework/Versions/3.8/lib/python3.8/site-packages/flask/app.py", line 1516, in full_dispatch_request
    rv = self.dispatch_request()
  File "/Library/Frameworks/Python.framework/Versions/3.8/lib/python3.8/site-packages/flask/app.py", line 1502, in dispatch_request
    return self.ensure_sync(self.view_functions[rule.endpoint])(**req.view_args)
  File "/Users/arseniikhmara/Documents/ECM1400 programming/FlaskCoursework/FlaskCovid/main.py", line 23, in program_start
    return index()
  File "/Users/arseniikhmara/Documents/ECM1400 programming/FlaskCoursework/FlaskCovid/main.py", line 99, in index
    render_information = get_data_json()
  File "/Users/arseniikhmara/Documents/ECM1400 programming/FlaskCoursework/FlaskCovid/main.py", line 119, in get_data_json
    json['title'] = most_recent_update['title']
UnboundLocalError: local variable 'most_recent_update' referenced before assignment
12/14/2021 01:31:10 AM fdf
12/14/2021 01:31:10 AM Exception on / [GET]
Traceback (most recent call last):
  File "/Library/Frameworks/Python.framework/Versions/3.8/lib/python3.8/site-packages/flask/app.py", line 2073, in wsgi_app
    response = self.full_dispatch_request()
  File "/Library/Frameworks/Python.framework/Versions/3.8/lib/python3.8/site-packages/flask/app.py", line 1518, in full_dispatch_request
    rv = self.handle_user_exception(e)
  File "/Library/Frameworks/Python.framework/Versions/3.8/lib/python3.8/site-packages/flask/app.py", line 1516, in full_dispatch_request
    rv = self.dispatch_request()
  File "/Library/Frameworks/Python.framework/Versions/3.8/lib/python3.8/site-packages/flask/app.py", line 1502, in dispatch_request
    return self.ensure_sync(self.view_functions[rule.endpoint])(**req.view_args)
  File "/Users/arseniikhmara/Documents/ECM1400 programming/FlaskCoursework/FlaskCovid/main.py", line 21, in program_start
    return index()
  File "/Users/arseniikhmara/Documents/ECM1400 programming/FlaskCoursework/FlaskCovid/main.py", line 97, in index
    render_information = get_data_json()
  File "/Users/arseniikhmara/Documents/ECM1400 programming/FlaskCoursework/FlaskCovid/main.py", line 117, in get_data_json
    json['title'] = most_recent_update['title']
UnboundLocalError: local variable 'most_recent_update' referenced before assignment
12/14/2021 01:31:21 AM fdf
12/14/2021 01:31:23 AM fdf
12/14/2021 01:31:25 AM fdf
12/14/2021 01:33:45 AM Exception on / [GET]
Traceback (most recent call last):
  File "/Library/Frameworks/Python.framework/Versions/3.8/lib/python3.8/site-packages/flask/app.py", line 2073, in wsgi_app
    response = self.full_dispatch_request()
  File "/Library/Frameworks/Python.framework/Versions/3.8/lib/python3.8/site-packages/flask/app.py", line 1518, in full_dispatch_request
    rv = self.handle_user_exception(e)
  File "/Library/Frameworks/Python.framework/Versions/3.8/lib/python3.8/site-packages/flask/app.py", line 1516, in full_dispatch_request
    rv = self.dispatch_request()
  File "/Library/Frameworks/Python.framework/Versions/3.8/lib/python3.8/site-packages/flask/app.py", line 1502, in dispatch_request
    return self.ensure_sync(self.view_functions[rule.endpoint])(**req.view_args)
  File "/Users/arseniikhmara/Documents/ECM1400 programming/FlaskCoursework/FlaskCovid/main.py", line 21, in program_start
    return index()
  File "/Users/arseniikhmara/Documents/ECM1400 programming/FlaskCoursework/FlaskCovid/main.py", line 97, in index
    render_information = get_data_json()
  File "/Users/arseniikhmara/Documents/ECM1400 programming/FlaskCoursework/FlaskCovid/main.py", line 117, in get_data_json
    json['title'] = most_recent_update['title']
UnboundLocalError: local variable 'most_recent_update' referenced before assignment
12/14/2021 01:33:47 AM Exception on / [GET]
Traceback (most recent call last):
  File "/Library/Frameworks/Python.framework/Versions/3.8/lib/python3.8/site-packages/flask/app.py", line 2073, in wsgi_app
    response = self.full_dispatch_request()
  File "/Library/Frameworks/Python.framework/Versions/3.8/lib/python3.8/site-packages/flask/app.py", line 1518, in full_dispatch_request
    rv = self.handle_user_exception(e)
  File "/Library/Frameworks/Python.framework/Versions/3.8/lib/python3.8/site-packages/flask/app.py", line 1516, in full_dispatch_request
    rv = self.dispatch_request()
  File "/Library/Frameworks/Python.framework/Versions/3.8/lib/python3.8/site-packages/flask/app.py", line 1502, in dispatch_request
    return self.ensure_sync(self.view_functions[rule.endpoint])(**req.view_args)
  File "/Users/arseniikhmara/Documents/ECM1400 programming/FlaskCoursework/FlaskCovid/main.py", line 21, in program_start
    return index()
  File "/Users/arseniikhmara/Documents/ECM1400 programming/FlaskCoursework/FlaskCovid/main.py", line 97, in index
    render_information = get_data_json()
  File "/Users/arseniikhmara/Documents/ECM1400 programming/FlaskCoursework/FlaskCovid/main.py", line 117, in get_data_json
    json['title'] = most_recent_update['title']
UnboundLocalError: local variable 'most_recent_update' referenced before assignment
12/14/2021 01:33:47 AM Exception on /index [GET]
Traceback (most recent call last):
  File "/Library/Frameworks/Python.framework/Versions/3.8/lib/python3.8/site-packages/flask/app.py", line 2073, in wsgi_app
    response = self.full_dispatch_request()
  File "/Library/Frameworks/Python.framework/Versions/3.8/lib/python3.8/site-packages/flask/app.py", line 1518, in full_dispatch_request
    rv = self.handle_user_exception(e)
  File "/Library/Frameworks/Python.framework/Versions/3.8/lib/python3.8/site-packages/flask/app.py", line 1516, in full_dispatch_request
    rv = self.dispatch_request()
  File "/Library/Frameworks/Python.framework/Versions/3.8/lib/python3.8/site-packages/flask/app.py", line 1502, in dispatch_request
    return self.ensure_sync(self.view_functions[rule.endpoint])(**req.view_args)
  File "/Users/arseniikhmara/Documents/ECM1400 programming/FlaskCoursework/FlaskCovid/main.py", line 97, in index
    render_information = get_data_json()
  File "/Users/arseniikhmara/Documents/ECM1400 programming/FlaskCoursework/FlaskCovid/main.py", line 117, in get_data_json
    json['title'] = most_recent_update['title']
UnboundLocalError: local variable 'most_recent_update' referenced before assignment
12/14/2021 01:33:48 AM Exception on /index [GET]
Traceback (most recent call last):
  File "/Library/Frameworks/Python.framework/Versions/3.8/lib/python3.8/site-packages/flask/app.py", line 2073, in wsgi_app
    response = self.full_dispatch_request()
  File "/Library/Frameworks/Python.framework/Versions/3.8/lib/python3.8/site-packages/flask/app.py", line 1518, in full_dispatch_request
    rv = self.handle_user_exception(e)
  File "/Library/Frameworks/Python.framework/Versions/3.8/lib/python3.8/site-packages/flask/app.py", line 1516, in full_dispatch_request
    rv = self.dispatch_request()
  File "/Library/Frameworks/Python.framework/Versions/3.8/lib/python3.8/site-packages/flask/app.py", line 1502, in dispatch_request
    return self.ensure_sync(self.view_functions[rule.endpoint])(**req.view_args)
  File "/Users/arseniikhmara/Documents/ECM1400 programming/FlaskCoursework/FlaskCovid/main.py", line 97, in index
    render_information = get_data_json()
  File "/Users/arseniikhmara/Documents/ECM1400 programming/FlaskCoursework/FlaskCovid/main.py", line 117, in get_data_json
    json['title'] = most_recent_update['title']
UnboundLocalError: local variable 'most_recent_update' referenced before assignment
12/14/2021 01:33:54 AM fdf
12/14/2021 01:33:54 AM Making an update
12/14/2021 01:33:54 AM Starting new HTTPS connection (1): api.coronavirus.data.gov.uk:443
12/14/2021 01:33:54 AM https://api.coronavirus.data.gov.uk:443 "GET /v1/data?filters=areaType%3Dltla%3BareaName%3DExeter&structure=%7B%22areaCode%22%3A%22areaCode%22%2C%22areaName%22%3A%22areaName%22%2C%22areaType%22%3A%22areaType%22%2C%22date%22%3A%22date%22%2C%22cumDailyNsoDeathsByDeathDate%22%3A%22cumDailyNsoDeathsByDeathDate%22%2C%22hospitalCases%22%3A%22hospitalCases%22%2C%22newCasesBySpecimenDate%22%3A%22newCasesBySpecimenDate%22%7D&format=json&page=1 HTTP/1.1" 200 None
12/14/2021 01:33:54 AM Starting new HTTPS connection (1): api.coronavirus.data.gov.uk:443
12/14/2021 01:33:54 AM https://api.coronavirus.data.gov.uk:443 "GET /v1/data?filters=areaType%3Dltla%3BareaName%3DExeter&structure=%7B%22areaCode%22%3A%22areaCode%22%2C%22areaName%22%3A%22areaName%22%2C%22areaType%22%3A%22areaType%22%2C%22date%22%3A%22date%22%2C%22cumDailyNsoDeathsByDeathDate%22%3A%22cumDailyNsoDeathsByDeathDate%22%2C%22hospitalCases%22%3A%22hospitalCases%22%2C%22newCasesBySpecimenDate%22%3A%22newCasesBySpecimenDate%22%7D&format=json&page=2 HTTP/1.1" 204 0
12/14/2021 01:33:54 AM Starting new HTTPS connection (1): api.coronavirus.data.gov.uk:443
12/14/2021 01:33:55 AM https://api.coronavirus.data.gov.uk:443 "GET /v1/data?filters=areaType%3Dnation%3BareaName%3Dengland&structure=%7B%22areaName%22%3A%22areaName%22%2C%22date%22%3A%22date%22%2C%22newCasesByPublishDate%22%3A%22newCasesByPublishDate%22%2C%22cumCasesBySpecimenDate%22%3A%22cumCasesBySpecimenDate%22%2C%22hospitalCases%22%3A%22hospitalCases%22%7D&format=json&page=1 HTTP/1.1" 200 None
12/14/2021 01:33:55 AM Starting new HTTPS connection (1): api.coronavirus.data.gov.uk:443
12/14/2021 01:33:55 AM https://api.coronavirus.data.gov.uk:443 "GET /v1/data?filters=areaType%3Dnation%3BareaName%3Dengland&structure=%7B%22areaName%22%3A%22areaName%22%2C%22date%22%3A%22date%22%2C%22newCasesByPublishDate%22%3A%22newCasesByPublishDate%22%2C%22cumCasesBySpecimenDate%22%3A%22cumCasesBySpecimenDate%22%2C%22hospitalCases%22%3A%22hospitalCases%22%7D&format=json&page=2 HTTP/1.1" 204 0
12/14/2021 01:33:55 AM Starting new HTTPS connection (1): newsapi.org:443
12/14/2021 01:33:56 AM https://newsapi.org:443 "GET /v2/everything?q=Covid%20OR%20COVID-19%20OR%20coronavirus&sortBy=publishedAt&language=en&apiKey=e1cb21ee37b14482a4a0b9c2356f758a HTTP/1.1" 200 None
12/14/2021 01:35:24 AM News article is deleted : Keating lands at Brownstein
12/14/2021 01:35:28 AM News article is deleted : Murphy Robinson, Denver’s top public safety official, to leave post in January
12/14/2021 01:35:39 AM Covid update is scheduled
12/14/2021 01:35:49 AM Covid update is scheduled
12/14/2021 01:35:49 AM Making an update
12/14/2021 01:35:49 AM Starting new HTTPS connection (1): api.coronavirus.data.gov.uk:443
12/14/2021 01:35:50 AM https://api.coronavirus.data.gov.uk:443 "GET /v1/data?filters=areaType%3Dltla%3BareaName%3DExeter&structure=%7B%22areaCode%22%3A%22areaCode%22%2C%22areaName%22%3A%22areaName%22%2C%22areaType%22%3A%22areaType%22%2C%22date%22%3A%22date%22%2C%22cumDailyNsoDeathsByDeathDate%22%3A%22cumDailyNsoDeathsByDeathDate%22%2C%22hospitalCases%22%3A%22hospitalCases%22%2C%22newCasesBySpecimenDate%22%3A%22newCasesBySpecimenDate%22%7D&format=json&page=1 HTTP/1.1" 200 None
12/14/2021 01:35:50 AM Starting new HTTPS connection (1): api.coronavirus.data.gov.uk:443
12/14/2021 01:35:50 AM https://api.coronavirus.data.gov.uk:443 "GET /v1/data?filters=areaType%3Dltla%3BareaName%3DExeter&structure=%7B%22areaCode%22%3A%22areaCode%22%2C%22areaName%22%3A%22areaName%22%2C%22areaType%22%3A%22areaType%22%2C%22date%22%3A%22date%22%2C%22cumDailyNsoDeathsByDeathDate%22%3A%22cumDailyNsoDeathsByDeathDate%22%2C%22hospitalCases%22%3A%22hospitalCases%22%2C%22newCasesBySpecimenDate%22%3A%22newCasesBySpecimenDate%22%7D&format=json&page=2 HTTP/1.1" 204 0
12/14/2021 01:35:50 AM Starting new HTTPS connection (1): api.coronavirus.data.gov.uk:443
12/14/2021 01:35:50 AM https://api.coronavirus.data.gov.uk:443 "GET /v1/data?filters=areaType%3Dnation%3BareaName%3Dengland&structure=%7B%22areaName%22%3A%22areaName%22%2C%22date%22%3A%22date%22%2C%22newCasesByPublishDate%22%3A%22newCasesByPublishDate%22%2C%22cumCasesBySpecimenDate%22%3A%22cumCasesBySpecimenDate%22%2C%22hospitalCases%22%3A%22hospitalCases%22%7D&format=json&page=1 HTTP/1.1" 200 None
12/14/2021 01:35:50 AM Starting new HTTPS connection (1): api.coronavirus.data.gov.uk:443
12/14/2021 01:35:51 AM https://api.coronavirus.data.gov.uk:443 "GET /v1/data?filters=areaType%3Dnation%3BareaName%3Dengland&structure=%7B%22areaName%22%3A%22areaName%22%2C%22date%22%3A%22date%22%2C%22newCasesByPublishDate%22%3A%22newCasesByPublishDate%22%2C%22cumCasesBySpecimenDate%22%3A%22cumCasesBySpecimenDate%22%2C%22hospitalCases%22%3A%22hospitalCases%22%7D&format=json&page=2 HTTP/1.1" 204 0
12/14/2021 01:35:51 AM News update is scheduled
12/14/2021 01:35:51 AM Starting new HTTPS connection (1): newsapi.org:443
12/14/2021 01:35:52 AM https://newsapi.org:443 "GET /v2/everything?q=Covid%20OR%20COVID-19%20OR%20coronavirus&sortBy=publishedAt&language=en&apiKey=e1cb21ee37b14482a4a0b9c2356f758a HTTP/1.1" 200 None
12/14/2021 01:36:45 AM Update is deleted: kew_scheduled
12/14/2021 01:36:45 AM Scheduled event has been canceled
12/14/2021 01:36:53 AM Update is deleted: kew
12/14/2021 02:35:19 AM Making an update
12/14/2021 02:35:19 AM Starting new HTTPS connection (1): api.coronavirus.data.gov.uk:443
12/14/2021 02:35:19 AM https://api.coronavirus.data.gov.uk:443 "GET /v1/data?filters=areaType%3Dltla%3BareaName%3DExeter&structure=%7B%22areaCode%22%3A%22areaCode%22%2C%22areaName%22%3A%22areaName%22%2C%22areaType%22%3A%22areaType%22%2C%22date%22%3A%22date%22%2C%22cumDailyNsoDeathsByDeathDate%22%3A%22cumDailyNsoDeathsByDeathDate%22%2C%22hospitalCases%22%3A%22hospitalCases%22%2C%22newCasesBySpecimenDate%22%3A%22newCasesBySpecimenDate%22%7D&format=json&page=1 HTTP/1.1" 200 None
12/14/2021 02:35:19 AM Starting new HTTPS connection (1): api.coronavirus.data.gov.uk:443
12/14/2021 02:35:19 AM https://api.coronavirus.data.gov.uk:443 "GET /v1/data?filters=areaType%3Dltla%3BareaName%3DExeter&structure=%7B%22areaCode%22%3A%22areaCode%22%2C%22areaName%22%3A%22areaName%22%2C%22areaType%22%3A%22areaType%22%2C%22date%22%3A%22date%22%2C%22cumDailyNsoDeathsByDeathDate%22%3A%22cumDailyNsoDeathsByDeathDate%22%2C%22hospitalCases%22%3A%22hospitalCases%22%2C%22newCasesBySpecimenDate%22%3A%22newCasesBySpecimenDate%22%7D&format=json&page=2 HTTP/1.1" 204 0
12/14/2021 02:35:19 AM Starting new HTTPS connection (1): api.coronavirus.data.gov.uk:443
12/14/2021 02:35:20 AM https://api.coronavirus.data.gov.uk:443 "GET /v1/data?filters=areaType%3Dnation%3BareaName%3Dengland&structure=%7B%22areaName%22%3A%22areaName%22%2C%22date%22%3A%22date%22%2C%22newCasesByPublishDate%22%3A%22newCasesByPublishDate%22%2C%22cumCasesBySpecimenDate%22%3A%22cumCasesBySpecimenDate%22%2C%22hospitalCases%22%3A%22hospitalCases%22%7D&format=json&page=1 HTTP/1.1" 200 None
12/14/2021 02:35:20 AM Starting new HTTPS connection (1): api.coronavirus.data.gov.uk:443
12/14/2021 02:35:20 AM https://api.coronavirus.data.gov.uk:443 "GET /v1/data?filters=areaType%3Dnation%3BareaName%3Dengland&structure=%7B%22areaName%22%3A%22areaName%22%2C%22date%22%3A%22date%22%2C%22newCasesByPublishDate%22%3A%22newCasesByPublishDate%22%2C%22cumCasesBySpecimenDate%22%3A%22cumCasesBySpecimenDate%22%2C%22hospitalCases%22%3A%22hospitalCases%22%7D&format=json&page=2 HTTP/1.1" 204 0
12/14/2021 02:35:20 AM Starting new HTTPS connection (1): newsapi.org:443
12/14/2021 02:35:21 AM https://newsapi.org:443 "GET /v2/everything?q=Covid%20OR%20COVID-19%20OR%20coronavirus&sortBy=publishedAt&language=en&apiKey=e1cb21ee37b14482a4a0b9c2356f758a HTTP/1.1" 200 None
12/14/2021 02:35:23 AM News article is deleted : ‘Tell me you live in America without telling me’: Chick-fil-A drive-thru cashier working remotely sparks debate on TikTok
12/14/2021 02:35:28 AM Covid update is scheduled
12/14/2021 02:35:42 AM News update is scheduled
12/14/2021 02:35:52 AM News update is scheduled
12/14/2021 02:35:52 AM Starting new HTTPS connection (1): newsapi.org:443
12/14/2021 02:35:53 AM https://newsapi.org:443 "GET /v2/everything?q=Covid%20OR%20COVID-19%20OR%20coronavirus&sortBy=publishedAt&language=en&apiKey=e1cb21ee37b14482a4a0b9c2356f758a HTTP/1.1" 200 None
12/14/2021 02:36:17 AM Update is deleted: 11
12/14/2021 02:36:19 AM Update is deleted: report_scheduled
12/14/2021 02:36:19 AM Scheduled event has been canceled
12/14/2021 02:36:20 AM News article is deleted : Giants place Kadarius Toney on COVID-19 reserve list
12/14/2021 02:36:27 AM News update is scheduled
12/14/2021 02:36:27 AM Starting new HTTPS connection (1): newsapi.org:443
12/14/2021 02:36:28 AM https://newsapi.org:443 "GET /v2/everything?q=Covid%20OR%20COVID-19%20OR%20coronavirus&sortBy=publishedAt&language=en&apiKey=e1cb21ee37b14482a4a0b9c2356f758a HTTP/1.1" 200 None
12/14/2021 02:36:31 AM News article is deleted : The Babylon Bee Presents: COVID Christmas Carols
12/14/2021 02:36:41 AM News update is scheduled
12/14/2021 02:36:41 AM Starting new HTTPS connection (1): newsapi.org:443
12/14/2021 02:36:41 AM https://newsapi.org:443 "GET /v2/everything?q=Covid%20OR%20COVID-19%20OR%20coronavirus&sortBy=publishedAt&language=en&apiKey=e1cb21ee37b14482a4a0b9c2356f758a HTTP/1.1" 200 None
12/14/2021 02:39:03 AM Update is deleted: ,kk
12/14/2021 02:40:53 AM Update is deleted: INITIAL UPDATE
12/14/2021 02:40:53 AM No updates are left. Making a new initial update
12/14/2021 02:40:53 AM No updates are left. Making a new initial update
12/14/2021 02:40:53 AM Exception on /index [GET]
Traceback (most recent call last):
  File "/Library/Frameworks/Python.framework/Versions/3.8/lib/python3.8/site-packages/flask/app.py", line 2073, in wsgi_app
    response = self.full_dispatch_request()
  File "/Library/Frameworks/Python.framework/Versions/3.8/lib/python3.8/site-packages/flask/app.py", line 1518, in full_dispatch_request
    rv = self.handle_user_exception(e)
  File "/Library/Frameworks/Python.framework/Versions/3.8/lib/python3.8/site-packages/flask/app.py", line 1516, in full_dispatch_request
    rv = self.dispatch_request()
  File "/Library/Frameworks/Python.framework/Versions/3.8/lib/python3.8/site-packages/flask/app.py", line 1502, in dispatch_request
    return self.ensure_sync(self.view_functions[rule.endpoint])(**req.view_args)
  File "/Users/arseniikhmara/Documents/ECM1400 programming/FlaskCoursework/FlaskCovid/main.py", line 68, in index
    if not ready_update or len(
TypeError: object of type 'bool' has no len()
12/14/2021 02:41:10 AM Making an update
12/14/2021 02:41:10 AM Starting new HTTPS connection (1): api.coronavirus.data.gov.uk:443
12/14/2021 02:41:10 AM Making an update
12/14/2021 02:41:10 AM Starting new HTTPS connection (1): api.coronavirus.data.gov.uk:443
12/14/2021 02:41:11 AM https://api.coronavirus.data.gov.uk:443 "GET /v1/data?filters=areaType%3Dltla%3BareaName%3DExeter&structure=%7B%22areaCode%22%3A%22areaCode%22%2C%22areaName%22%3A%22areaName%22%2C%22areaType%22%3A%22areaType%22%2C%22date%22%3A%22date%22%2C%22cumDailyNsoDeathsByDeathDate%22%3A%22cumDailyNsoDeathsByDeathDate%22%2C%22hospitalCases%22%3A%22hospitalCases%22%2C%22newCasesBySpecimenDate%22%3A%22newCasesBySpecimenDate%22%7D&format=json&page=1 HTTP/1.1" 200 None
12/14/2021 02:41:11 AM Starting new HTTPS connection (1): api.coronavirus.data.gov.uk:443
12/14/2021 02:41:11 AM https://api.coronavirus.data.gov.uk:443 "GET /v1/data?filters=areaType%3Dltla%3BareaName%3DExeter&structure=%7B%22areaCode%22%3A%22areaCode%22%2C%22areaName%22%3A%22areaName%22%2C%22areaType%22%3A%22areaType%22%2C%22date%22%3A%22date%22%2C%22cumDailyNsoDeathsByDeathDate%22%3A%22cumDailyNsoDeathsByDeathDate%22%2C%22hospitalCases%22%3A%22hospitalCases%22%2C%22newCasesBySpecimenDate%22%3A%22newCasesBySpecimenDate%22%7D&format=json&page=1 HTTP/1.1" 200 None
12/14/2021 02:41:11 AM https://api.coronavirus.data.gov.uk:443 "GET /v1/data?filters=areaType%3Dltla%3BareaName%3DExeter&structure=%7B%22areaCode%22%3A%22areaCode%22%2C%22areaName%22%3A%22areaName%22%2C%22areaType%22%3A%22areaType%22%2C%22date%22%3A%22date%22%2C%22cumDailyNsoDeathsByDeathDate%22%3A%22cumDailyNsoDeathsByDeathDate%22%2C%22hospitalCases%22%3A%22hospitalCases%22%2C%22newCasesBySpecimenDate%22%3A%22newCasesBySpecimenDate%22%7D&format=json&page=2 HTTP/1.1" 204 0
12/14/2021 02:41:11 AM Starting new HTTPS connection (1): api.coronavirus.data.gov.uk:443
12/14/2021 02:41:11 AM Starting new HTTPS connection (1): api.coronavirus.data.gov.uk:443
12/14/2021 02:41:11 AM https://api.coronavirus.data.gov.uk:443 "GET /v1/data?filters=areaType%3Dltla%3BareaName%3DExeter&structure=%7B%22areaCode%22%3A%22areaCode%22%2C%22areaName%22%3A%22areaName%22%2C%22areaType%22%3A%22areaType%22%2C%22date%22%3A%22date%22%2C%22cumDailyNsoDeathsByDeathDate%22%3A%22cumDailyNsoDeathsByDeathDate%22%2C%22hospitalCases%22%3A%22hospitalCases%22%2C%22newCasesBySpecimenDate%22%3A%22newCasesBySpecimenDate%22%7D&format=json&page=2 HTTP/1.1" 204 0
12/14/2021 02:41:11 AM Starting new HTTPS connection (1): api.coronavirus.data.gov.uk:443
12/14/2021 02:41:11 AM https://api.coronavirus.data.gov.uk:443 "GET /v1/data?filters=areaType%3Dnation%3BareaName%3Dengland&structure=%7B%22areaName%22%3A%22areaName%22%2C%22date%22%3A%22date%22%2C%22newCasesByPublishDate%22%3A%22newCasesByPublishDate%22%2C%22cumCasesBySpecimenDate%22%3A%22cumCasesBySpecimenDate%22%2C%22hospitalCases%22%3A%22hospitalCases%22%7D&format=json&page=1 HTTP/1.1" 200 None
12/14/2021 02:41:11 AM Starting new HTTPS connection (1): api.coronavirus.data.gov.uk:443
12/14/2021 02:41:11 AM https://api.coronavirus.data.gov.uk:443 "GET /v1/data?filters=areaType%3Dnation%3BareaName%3Dengland&structure=%7B%22areaName%22%3A%22areaName%22%2C%22date%22%3A%22date%22%2C%22newCasesByPublishDate%22%3A%22newCasesByPublishDate%22%2C%22cumCasesBySpecimenDate%22%3A%22cumCasesBySpecimenDate%22%2C%22hospitalCases%22%3A%22hospitalCases%22%7D&format=json&page=1 HTTP/1.1" 200 None
12/14/2021 02:41:11 AM Starting new HTTPS connection (1): api.coronavirus.data.gov.uk:443
12/14/2021 02:41:11 AM https://api.coronavirus.data.gov.uk:443 "GET /v1/data?filters=areaType%3Dnation%3BareaName%3Dengland&structure=%7B%22areaName%22%3A%22areaName%22%2C%22date%22%3A%22date%22%2C%22newCasesByPublishDate%22%3A%22newCasesByPublishDate%22%2C%22cumCasesBySpecimenDate%22%3A%22cumCasesBySpecimenDate%22%2C%22hospitalCases%22%3A%22hospitalCases%22%7D&format=json&page=2 HTTP/1.1" 204 0
12/14/2021 02:41:12 AM https://api.coronavirus.data.gov.uk:443 "GET /v1/data?filters=areaType%3Dnation%3BareaName%3Dengland&structure=%7B%22areaName%22%3A%22areaName%22%2C%22date%22%3A%22date%22%2C%22newCasesByPublishDate%22%3A%22newCasesByPublishDate%22%2C%22cumCasesBySpecimenDate%22%3A%22cumCasesBySpecimenDate%22%2C%22hospitalCases%22%3A%22hospitalCases%22%7D&format=json&page=2 HTTP/1.1" 204 0
12/14/2021 02:41:12 AM Starting new HTTPS connection (1): newsapi.org:443
12/14/2021 02:41:13 AM https://newsapi.org:443 "GET /v2/everything?q=Covid%20OR%20COVID-19%20OR%20coronavirus&sortBy=publishedAt&language=en&apiKey=e1cb21ee37b14482a4a0b9c2356f758a HTTP/1.1" 200 None
12/14/2021 02:42:11 AM Update is deleted: INITIAL UPDATE
12/14/2021 02:42:11 AM No updates are left. Making a new initial update
12/14/2021 02:42:11 AM Exception on /index [GET]
Traceback (most recent call last):
  File "/Library/Frameworks/Python.framework/Versions/3.8/lib/python3.8/site-packages/flask/app.py", line 2073, in wsgi_app
    response = self.full_dispatch_request()
  File "/Library/Frameworks/Python.framework/Versions/3.8/lib/python3.8/site-packages/flask/app.py", line 1518, in full_dispatch_request
    rv = self.handle_user_exception(e)
  File "/Library/Frameworks/Python.framework/Versions/3.8/lib/python3.8/site-packages/flask/app.py", line 1516, in full_dispatch_request
    rv = self.dispatch_request()
  File "/Library/Frameworks/Python.framework/Versions/3.8/lib/python3.8/site-packages/flask/app.py", line 1502, in dispatch_request
    return self.ensure_sync(self.view_functions[rule.endpoint])(**req.view_args)
  File "/Users/arseniikhmara/Documents/ECM1400 programming/FlaskCoursework/FlaskCovid/main.py", line 68, in index
    if not ready_update or len(
TypeError: object of type 'bool' has no len()
12/14/2021 02:42:13 AM Update is deleted: INITIAL UPDATE
12/14/2021 02:42:13 AM Making an update
12/14/2021 02:42:20 AM News update is scheduled
12/14/2021 02:42:20 AM Exception on /index [GET]
Traceback (most recent call last):
  File "/Library/Frameworks/Python.framework/Versions/3.8/lib/python3.8/site-packages/flask/app.py", line 2073, in wsgi_app
    response = self.full_dispatch_request()
  File "/Library/Frameworks/Python.framework/Versions/3.8/lib/python3.8/site-packages/flask/app.py", line 1518, in full_dispatch_request
    rv = self.handle_user_exception(e)
  File "/Library/Frameworks/Python.framework/Versions/3.8/lib/python3.8/site-packages/flask/app.py", line 1516, in full_dispatch_request
    rv = self.dispatch_request()
  File "/Library/Frameworks/Python.framework/Versions/3.8/lib/python3.8/site-packages/flask/app.py", line 1502, in dispatch_request
    return self.ensure_sync(self.view_functions[rule.endpoint])(**req.view_args)
  File "/Users/arseniikhmara/Documents/ECM1400 programming/FlaskCoursework/FlaskCovid/main.py", line 91, in index
    render_information = get_data_json()
  File "/Users/arseniikhmara/Documents/ECM1400 programming/FlaskCoursework/FlaskCovid/main.py", line 111, in get_data_json
    render_json['title'] = most_recent_update['title']
UnboundLocalError: local variable 'most_recent_update' referenced before assignment
12/14/2021 02:42:20 AM Making an update
12/14/2021 02:42:20 AM Starting new HTTPS connection (1): api.coronavirus.data.gov.uk:443
12/14/2021 02:42:21 AM https://api.coronavirus.data.gov.uk:443 "GET /v1/data?filters=areaType%3Dltla%3BareaName%3DExeter&structure=%7B%22areaCode%22%3A%22areaCode%22%2C%22areaName%22%3A%22areaName%22%2C%22areaType%22%3A%22areaType%22%2C%22date%22%3A%22date%22%2C%22cumDailyNsoDeathsByDeathDate%22%3A%22cumDailyNsoDeathsByDeathDate%22%2C%22hospitalCases%22%3A%22hospitalCases%22%2C%22newCasesBySpecimenDate%22%3A%22newCasesBySpecimenDate%22%7D&format=json&page=1 HTTP/1.1" 200 None
12/14/2021 02:42:21 AM Starting new HTTPS connection (1): api.coronavirus.data.gov.uk:443
12/14/2021 02:42:21 AM https://api.coronavirus.data.gov.uk:443 "GET /v1/data?filters=areaType%3Dltla%3BareaName%3DExeter&structure=%7B%22areaCode%22%3A%22areaCode%22%2C%22areaName%22%3A%22areaName%22%2C%22areaType%22%3A%22areaType%22%2C%22date%22%3A%22date%22%2C%22cumDailyNsoDeathsByDeathDate%22%3A%22cumDailyNsoDeathsByDeathDate%22%2C%22hospitalCases%22%3A%22hospitalCases%22%2C%22newCasesBySpecimenDate%22%3A%22newCasesBySpecimenDate%22%7D&format=json&page=2 HTTP/1.1" 204 0
12/14/2021 02:42:21 AM Starting new HTTPS connection (1): api.coronavirus.data.gov.uk:443
12/14/2021 02:42:21 AM https://api.coronavirus.data.gov.uk:443 "GET /v1/data?filters=areaType%3Dnation%3BareaName%3Dengland&structure=%7B%22areaName%22%3A%22areaName%22%2C%22date%22%3A%22date%22%2C%22newCasesByPublishDate%22%3A%22newCasesByPublishDate%22%2C%22cumCasesBySpecimenDate%22%3A%22cumCasesBySpecimenDate%22%2C%22hospitalCases%22%3A%22hospitalCases%22%7D&format=json&page=1 HTTP/1.1" 200 None
12/14/2021 02:42:21 AM Starting new HTTPS connection (1): api.coronavirus.data.gov.uk:443
12/14/2021 02:42:21 AM https://api.coronavirus.data.gov.uk:443 "GET /v1/data?filters=areaType%3Dnation%3BareaName%3Dengland&structure=%7B%22areaName%22%3A%22areaName%22%2C%22date%22%3A%22date%22%2C%22newCasesByPublishDate%22%3A%22newCasesByPublishDate%22%2C%22cumCasesBySpecimenDate%22%3A%22cumCasesBySpecimenDate%22%2C%22hospitalCases%22%3A%22hospitalCases%22%7D&format=json&page=2 HTTP/1.1" 204 0
12/14/2021 02:42:21 AM Starting new HTTPS connection (1): newsapi.org:443
12/14/2021 02:42:22 AM https://newsapi.org:443 "GET /v2/everything?q=Covid%20OR%20COVID-19%20OR%20coronavirus&sortBy=publishedAt&language=en&apiKey=e1cb21ee37b14482a4a0b9c2356f758a HTTP/1.1" 200 None
12/14/2021 02:42:25 AM Update is deleted: sosu_scheduled
12/14/2021 02:42:25 AM Scheduled event has been canceled
12/14/2021 02:42:25 AM Update is deleted: INITIAL UPDATE
12/14/2021 02:42:25 AM Making an update
12/14/2021 02:42:25 AM Starting new HTTPS connection (1): api.coronavirus.data.gov.uk:443
12/14/2021 02:42:26 AM https://api.coronavirus.data.gov.uk:443 "GET /v1/data?filters=areaType%3Dltla%3BareaName%3DExeter&structure=%7B%22areaCode%22%3A%22areaCode%22%2C%22areaName%22%3A%22areaName%22%2C%22areaType%22%3A%22areaType%22%2C%22date%22%3A%22date%22%2C%22cumDailyNsoDeathsByDeathDate%22%3A%22cumDailyNsoDeathsByDeathDate%22%2C%22hospitalCases%22%3A%22hospitalCases%22%2C%22newCasesBySpecimenDate%22%3A%22newCasesBySpecimenDate%22%7D&format=json&page=1 HTTP/1.1" 200 None
12/14/2021 02:42:26 AM Starting new HTTPS connection (1): api.coronavirus.data.gov.uk:443
12/14/2021 02:42:26 AM https://api.coronavirus.data.gov.uk:443 "GET /v1/data?filters=areaType%3Dltla%3BareaName%3DExeter&structure=%7B%22areaCode%22%3A%22areaCode%22%2C%22areaName%22%3A%22areaName%22%2C%22areaType%22%3A%22areaType%22%2C%22date%22%3A%22date%22%2C%22cumDailyNsoDeathsByDeathDate%22%3A%22cumDailyNsoDeathsByDeathDate%22%2C%22hospitalCases%22%3A%22hospitalCases%22%2C%22newCasesBySpecimenDate%22%3A%22newCasesBySpecimenDate%22%7D&format=json&page=2 HTTP/1.1" 204 0
12/14/2021 02:42:26 AM Starting new HTTPS connection (1): api.coronavirus.data.gov.uk:443
12/14/2021 02:42:26 AM https://api.coronavirus.data.gov.uk:443 "GET /v1/data?filters=areaType%3Dnation%3BareaName%3Dengland&structure=%7B%22areaName%22%3A%22areaName%22%2C%22date%22%3A%22date%22%2C%22newCasesByPublishDate%22%3A%22newCasesByPublishDate%22%2C%22cumCasesBySpecimenDate%22%3A%22cumCasesBySpecimenDate%22%2C%22hospitalCases%22%3A%22hospitalCases%22%7D&format=json&page=1 HTTP/1.1" 200 None
12/14/2021 02:42:26 AM Starting new HTTPS connection (1): api.coronavirus.data.gov.uk:443
12/14/2021 02:42:26 AM https://api.coronavirus.data.gov.uk:443 "GET /v1/data?filters=areaType%3Dnation%3BareaName%3Dengland&structure=%7B%22areaName%22%3A%22areaName%22%2C%22date%22%3A%22date%22%2C%22newCasesByPublishDate%22%3A%22newCasesByPublishDate%22%2C%22cumCasesBySpecimenDate%22%3A%22cumCasesBySpecimenDate%22%2C%22hospitalCases%22%3A%22hospitalCases%22%7D&format=json&page=2 HTTP/1.1" 204 0
12/14/2021 02:42:36 AM Covid update is scheduled
12/14/2021 02:42:36 AM Making an update
12/14/2021 02:42:36 AM Starting new HTTPS connection (1): api.coronavirus.data.gov.uk:443
12/14/2021 02:42:36 AM https://api.coronavirus.data.gov.uk:443 "GET /v1/data?filters=areaType%3Dltla%3BareaName%3DExeter&structure=%7B%22areaCode%22%3A%22areaCode%22%2C%22areaName%22%3A%22areaName%22%2C%22areaType%22%3A%22areaType%22%2C%22date%22%3A%22date%22%2C%22cumDailyNsoDeathsByDeathDate%22%3A%22cumDailyNsoDeathsByDeathDate%22%2C%22hospitalCases%22%3A%22hospitalCases%22%2C%22newCasesBySpecimenDate%22%3A%22newCasesBySpecimenDate%22%7D&format=json&page=1 HTTP/1.1" 200 None
12/14/2021 02:42:36 AM Starting new HTTPS connection (1): api.coronavirus.data.gov.uk:443
12/14/2021 02:42:36 AM https://api.coronavirus.data.gov.uk:443 "GET /v1/data?filters=areaType%3Dltla%3BareaName%3DExeter&structure=%7B%22areaCode%22%3A%22areaCode%22%2C%22areaName%22%3A%22areaName%22%2C%22areaType%22%3A%22areaType%22%2C%22date%22%3A%22date%22%2C%22cumDailyNsoDeathsByDeathDate%22%3A%22cumDailyNsoDeathsByDeathDate%22%2C%22hospitalCases%22%3A%22hospitalCases%22%2C%22newCasesBySpecimenDate%22%3A%22newCasesBySpecimenDate%22%7D&format=json&page=2 HTTP/1.1" 204 0
12/14/2021 02:42:36 AM Starting new HTTPS connection (1): api.coronavirus.data.gov.uk:443
12/14/2021 02:42:36 AM https://api.coronavirus.data.gov.uk:443 "GET /v1/data?filters=areaType%3Dnation%3BareaName%3Dengland&structure=%7B%22areaName%22%3A%22areaName%22%2C%22date%22%3A%22date%22%2C%22newCasesByPublishDate%22%3A%22newCasesByPublishDate%22%2C%22cumCasesBySpecimenDate%22%3A%22cumCasesBySpecimenDate%22%2C%22hospitalCases%22%3A%22hospitalCases%22%7D&format=json&page=1 HTTP/1.1" 200 None
12/14/2021 02:42:36 AM Starting new HTTPS connection (1): api.coronavirus.data.gov.uk:443
12/14/2021 02:42:36 AM https://api.coronavirus.data.gov.uk:443 "GET /v1/data?filters=areaType%3Dnation%3BareaName%3Dengland&structure=%7B%22areaName%22%3A%22areaName%22%2C%22date%22%3A%22date%22%2C%22newCasesByPublishDate%22%3A%22newCasesByPublishDate%22%2C%22cumCasesBySpecimenDate%22%3A%22cumCasesBySpecimenDate%22%2C%22hospitalCases%22%3A%22hospitalCases%22%7D&format=json&page=2 HTTP/1.1" 204 0
12/14/2021 02:42:36 AM News update is scheduled
12/14/2021 02:42:36 AM Starting new HTTPS connection (1): newsapi.org:443
12/14/2021 02:42:37 AM https://newsapi.org:443 "GET /v2/everything?q=Covid%20OR%20COVID-19%20OR%20coronavirus&sortBy=publishedAt&language=en&apiKey=e1cb21ee37b14482a4a0b9c2356f758a HTTP/1.1" 200 None
12/14/2021 02:42:39 AM Update is deleted: INITIAL UPDATE
12/14/2021 02:42:39 AM No updates are left. Making a new initial update
12/14/2021 02:42:51 AM Covid update is scheduled
12/14/2021 02:43:06 AM Making an update
12/14/2021 02:43:06 AM Starting new HTTPS connection (1): api.coronavirus.data.gov.uk:443
12/14/2021 02:43:06 AM https://api.coronavirus.data.gov.uk:443 "GET /v1/data?filters=areaType%3Dltla%3BareaName%3DExeter&structure=%7B%22areaCode%22%3A%22areaCode%22%2C%22areaName%22%3A%22areaName%22%2C%22areaType%22%3A%22areaType%22%2C%22date%22%3A%22date%22%2C%22cumDailyNsoDeathsByDeathDate%22%3A%22cumDailyNsoDeathsByDeathDate%22%2C%22hospitalCases%22%3A%22hospitalCases%22%2C%22newCasesBySpecimenDate%22%3A%22newCasesBySpecimenDate%22%7D&format=json&page=1 HTTP/1.1" 200 None
12/14/2021 02:43:06 AM Starting new HTTPS connection (1): api.coronavirus.data.gov.uk:443
12/14/2021 02:43:07 AM https://api.coronavirus.data.gov.uk:443 "GET /v1/data?filters=areaType%3Dltla%3BareaName%3DExeter&structure=%7B%22areaCode%22%3A%22areaCode%22%2C%22areaName%22%3A%22areaName%22%2C%22areaType%22%3A%22areaType%22%2C%22date%22%3A%22date%22%2C%22cumDailyNsoDeathsByDeathDate%22%3A%22cumDailyNsoDeathsByDeathDate%22%2C%22hospitalCases%22%3A%22hospitalCases%22%2C%22newCasesBySpecimenDate%22%3A%22newCasesBySpecimenDate%22%7D&format=json&page=2 HTTP/1.1" 204 0
12/14/2021 02:43:07 AM Starting new HTTPS connection (1): api.coronavirus.data.gov.uk:443
12/14/2021 02:43:07 AM https://api.coronavirus.data.gov.uk:443 "GET /v1/data?filters=areaType%3Dnation%3BareaName%3Dengland&structure=%7B%22areaName%22%3A%22areaName%22%2C%22date%22%3A%22date%22%2C%22newCasesByPublishDate%22%3A%22newCasesByPublishDate%22%2C%22cumCasesBySpecimenDate%22%3A%22cumCasesBySpecimenDate%22%2C%22hospitalCases%22%3A%22hospitalCases%22%7D&format=json&page=1 HTTP/1.1" 200 None
12/14/2021 02:43:07 AM Starting new HTTPS connection (1): api.coronavirus.data.gov.uk:443
12/14/2021 02:43:08 AM https://api.coronavirus.data.gov.uk:443 "GET /v1/data?filters=areaType%3Dnation%3BareaName%3Dengland&structure=%7B%22areaName%22%3A%22areaName%22%2C%22date%22%3A%22date%22%2C%22newCasesByPublishDate%22%3A%22newCasesByPublishDate%22%2C%22cumCasesBySpecimenDate%22%3A%22cumCasesBySpecimenDate%22%2C%22hospitalCases%22%3A%22hospitalCases%22%7D&format=json&page=2 HTTP/1.1" 204 0
12/14/2021 02:43:08 AM Covid update is scheduled
12/14/2021 02:43:08 AM News update is scheduled
12/14/2021 02:44:08 AM Making an update
12/14/2021 02:44:08 AM Starting new HTTPS connection (1): api.coronavirus.data.gov.uk:443
12/14/2021 02:44:08 AM https://api.coronavirus.data.gov.uk:443 "GET /v1/data?filters=areaType%3Dltla%3BareaName%3DExeter&structure=%7B%22areaCode%22%3A%22areaCode%22%2C%22areaName%22%3A%22areaName%22%2C%22areaType%22%3A%22areaType%22%2C%22date%22%3A%22date%22%2C%22cumDailyNsoDeathsByDeathDate%22%3A%22cumDailyNsoDeathsByDeathDate%22%2C%22hospitalCases%22%3A%22hospitalCases%22%2C%22newCasesBySpecimenDate%22%3A%22newCasesBySpecimenDate%22%7D&format=json&page=1 HTTP/1.1" 200 None
12/14/2021 02:44:08 AM Starting new HTTPS connection (1): api.coronavirus.data.gov.uk:443
12/14/2021 02:44:09 AM https://api.coronavirus.data.gov.uk:443 "GET /v1/data?filters=areaType%3Dltla%3BareaName%3DExeter&structure=%7B%22areaCode%22%3A%22areaCode%22%2C%22areaName%22%3A%22areaName%22%2C%22areaType%22%3A%22areaType%22%2C%22date%22%3A%22date%22%2C%22cumDailyNsoDeathsByDeathDate%22%3A%22cumDailyNsoDeathsByDeathDate%22%2C%22hospitalCases%22%3A%22hospitalCases%22%2C%22newCasesBySpecimenDate%22%3A%22newCasesBySpecimenDate%22%7D&format=json&page=2 HTTP/1.1" 204 0
12/14/2021 02:44:09 AM Starting new HTTPS connection (1): api.coronavirus.data.gov.uk:443
12/14/2021 02:44:09 AM https://api.coronavirus.data.gov.uk:443 "GET /v1/data?filters=areaType%3Dnation%3BareaName%3Dengland&structure=%7B%22areaName%22%3A%22areaName%22%2C%22date%22%3A%22date%22%2C%22newCasesByPublishDate%22%3A%22newCasesByPublishDate%22%2C%22cumCasesBySpecimenDate%22%3A%22cumCasesBySpecimenDate%22%2C%22hospitalCases%22%3A%22hospitalCases%22%7D&format=json&page=1 HTTP/1.1" 200 None
12/14/2021 02:44:09 AM Starting new HTTPS connection (1): api.coronavirus.data.gov.uk:443
12/14/2021 02:44:09 AM https://api.coronavirus.data.gov.uk:443 "GET /v1/data?filters=areaType%3Dnation%3BareaName%3Dengland&structure=%7B%22areaName%22%3A%22areaName%22%2C%22date%22%3A%22date%22%2C%22newCasesByPublishDate%22%3A%22newCasesByPublishDate%22%2C%22cumCasesBySpecimenDate%22%3A%22cumCasesBySpecimenDate%22%2C%22hospitalCases%22%3A%22hospitalCases%22%7D&format=json&page=2 HTTP/1.1" 204 0
12/14/2021 02:44:09 AM Starting new HTTPS connection (1): newsapi.org:443
12/14/2021 02:44:10 AM https://newsapi.org:443 "GET /v2/everything?q=Covid%20OR%20COVID-19%20OR%20coronavirus&sortBy=publishedAt&language=en&apiKey=e1cb21ee37b14482a4a0b9c2356f758a HTTP/1.1" 200 None
12/14/2021 02:44:17 AM Update is deleted: aga1_scheduled
12/14/2021 02:44:17 AM Scheduled event has been canceled
12/14/2021 02:44:19 AM Update is deleted: aga1
